# JRE version: OpenJDK Runtime Environment (8.0_202-b03) (build 1.8.0_202-release-1483-b03)
# Java VM: OpenJDK 64-Bit Server VM (25.202-b03 mixed mode windows-amd64 compressed oops)
Heap:
 PSYoungGen      total 463360K, used 249572K [0x00000000e0000000, 0x00000000ff200000, 0x0000000100000000)
  eden space 429056K, 52% used [0x00000000e0000000,0x00000000ed9ff2b0,0x00000000fa300000)
  from space 34304K, 76% used [0x00000000fd080000,0x00000000fea3a0f0,0x00000000ff200000)
  to   space 40448K, 0% used [0x00000000fa300000,0x00000000fa300000,0x00000000fca80000)
 ParOldGen       total 174080K, used 58850K [0x00000000a0000000, 0x00000000aaa00000, 0x00000000e0000000)
  object space 174080K, 33% used [0x00000000a0000000,0x00000000a3978b30,0x00000000aaa00000)
 Metaspace       used 104462K, capacity 110626K, committed 110680K, reserved 1146880K
  class space    used 13089K, capacity 14188K, committed 14208K, reserved 1048576K
GC Heap History (10 events):
Event: 3010.131 GC heap before
{Heap before GC invocations=40 (full 4):
 PSYoungGen      total 331264K, used 306453K [0x00000000e0000000, 0x00000000f9f00000, 0x0000000100000000)
  eden space 285696K, 99% used [0x00000000e0000000,0x00000000f16ccd98,0x00000000f1700000)
  from space 45568K, 46% used [0x00000000f1700000,0x00000000f2b787a8,0x00000000f4380000)
  to   space 43520K, 0% used [0x00000000f7480000,0x00000000f7480000,0x00000000f9f00000)
 ParOldGen       total 174080K, used 56353K [0x00000000a0000000, 0x00000000aaa00000, 0x00000000e0000000)
  object space 174080K, 32% used [0x00000000a0000000,0x00000000a37084a0,0x00000000aaa00000)
 Metaspace       used 101358K, capacity 106646K, committed 106712K, reserved 1142784K
  class space    used 12804K, capacity 13783K, committed 13824K, reserved 1048576K
Event: 3010.146 GC heap after
Heap after GC invocations=40 (full 4):
 PSYoungGen      total 374272K, used 12233K [0x00000000e0000000, 0x00000000f9b00000, 0x0000000100000000)
  eden space 334848K, 0% used [0x00000000e0000000,0x00000000e0000000,0x00000000f4700000)
  from space 39424K, 31% used [0x00000000f7480000,0x00000000f8072748,0x00000000f9b00000)
  to   space 43008K, 0% used [0x00000000f4700000,0x00000000f4700000,0x00000000f7100000)
 ParOldGen       total 174080K, used 57441K [0x00000000a0000000, 0x00000000aaa00000, 0x00000000e0000000)
  object space 174080K, 32% used [0x00000000a0000000,0x00000000a38186f0,0x00000000aaa00000)
 Metaspace       used 101358K, capacity 106646K, committed 106712K, reserved 1142784K
  class space    used 12804K, capacity 13783K, committed 13824K, reserved 1048576K
}
Event: 3012.010 GC heap before
{Heap before GC invocations=41 (full 4):
 PSYoungGen      total 374272K, used 344758K [0x00000000e0000000, 0x00000000f9b00000, 0x0000000100000000)
  eden space 334848K, 99% used [0x00000000e0000000,0x00000000f44bb3e0,0x00000000f4700000)
  from space 39424K, 31% used [0x00000000f7480000,0x00000000f8072748,0x00000000f9b00000)
  to   space 43008K, 0% used [0x00000000f4700000,0x00000000f4700000,0x00000000f7100000)
 ParOldGen       total 174080K, used 57441K [0x00000000a0000000, 0x00000000aaa00000, 0x00000000e0000000)
  object space 174080K, 32% used [0x00000000a0000000,0x00000000a38186f0,0x00000000aaa00000)
 Metaspace       used 101446K, capacity 106646K, committed 106712K, reserved 1142784K
  class space    used 12804K, capacity 13783K, committed 13824K, reserved 1048576K
Event: 3012.055 GC heap after
Heap after GC invocations=41 (full 4):
 PSYoungGen      total 377856K, used 22907K [0x00000000e0000000, 0x00000000fce80000, 0x0000000100000000)
  eden space 334848K, 0% used [0x00000000e0000000,0x00000000e0000000,0x00000000f4700000)
  from space 43008K, 53% used [0x00000000f4700000,0x00000000f5d5ef90,0x00000000f7100000)
  to   space 41472K, 0% used [0x00000000fa600000,0x00000000fa600000,0x00000000fce80000)
 ParOldGen       total 174080K, used 58610K [0x00000000a0000000, 0x00000000aaa00000, 0x00000000e0000000)
  object space 174080K, 33% used [0x00000000a0000000,0x00000000a393cb30,0x00000000aaa00000)
 Metaspace       used 101446K, capacity 106646K, committed 106712K, reserved 1142784K
  class space    used 12804K, capacity 13783K, committed 13824K, reserved 1048576K
}
Event: 7116.255 GC heap before
{Heap before GC invocations=42 (full 4):
 PSYoungGen      total 377856K, used 357060K [0x00000000e0000000, 0x00000000fce80000, 0x0000000100000000)
  eden space 334848K, 99% used [0x00000000e0000000,0x00000000f4652298,0x00000000f4700000)
  from space 43008K, 53% used [0x00000000f4700000,0x00000000f5d5ef90,0x00000000f7100000)
  to   space 41472K, 0% used [0x00000000fa600000,0x00000000fa600000,0x00000000fce80000)
 ParOldGen       total 174080K, used 58610K [0x00000000a0000000, 0x00000000aaa00000, 0x00000000e0000000)
  object space 174080K, 33% used [0x00000000a0000000,0x00000000a393cb30,0x00000000aaa00000)
 Metaspace       used 102000K, capacity 107212K, committed 107480K, reserved 1142784K
  class space    used 12836K, capacity 13802K, committed 13824K, reserved 1048576K
Event: 7116.297 GC heap after
Heap after GC invocations=42 (full 4):
 PSYoungGen      total 419840K, used 13861K [0x00000000e0000000, 0x00000000fc800000, 0x0000000100000000)
  eden space 385024K, 0% used [0x00000000e0000000,0x00000000e0000000,0x00000000f7800000)
  from space 34816K, 39% used [0x00000000fa600000,0x00000000fb389708,0x00000000fc800000)
  to   space 40960K, 0% used [0x00000000f7800000,0x00000000f7800000,0x00000000fa000000)
 ParOldGen       total 174080K, used 58754K [0x00000000a0000000, 0x00000000aaa00000, 0x00000000e0000000)
  object space 174080K, 33% used [0x00000000a0000000,0x00000000a3960b30,0x00000000aaa00000)
 Metaspace       used 102000K, capacity 107212K, committed 107480K, reserved 1142784K
  class space    used 12836K, capacity 13802K, committed 13824K, reserved 1048576K
}
Event: 8012.619 GC heap before
{Heap before GC invocations=43 (full 4):
 PSYoungGen      total 419840K, used 398885K [0x00000000e0000000, 0x00000000fc800000, 0x0000000100000000)
  eden space 385024K, 100% used [0x00000000e0000000,0x00000000f7800000,0x00000000f7800000)
  from space 34816K, 39% used [0x00000000fa600000,0x00000000fb389708,0x00000000fc800000)
  to   space 40960K, 0% used [0x00000000f7800000,0x00000000f7800000,0x00000000fa000000)
 ParOldGen       total 174080K, used 58754K [0x00000000a0000000, 0x00000000aaa00000, 0x00000000e0000000)
  object space 174080K, 33% used [0x00000000a0000000,0x00000000a3960b30,0x00000000aaa00000)
 Metaspace       used 104014K, capacity 110002K, committed 110168K, reserved 1144832K
  class space    used 13051K, capacity 14148K, committed 14208K, reserved 1048576K
Event: 8012.714 GC heap after
Heap after GC invocations=43 (full 4):
 PSYoungGen      total 425984K, used 14469K [0x00000000e0000000, 0x00000000ff780000, 0x0000000100000000)
  eden space 385024K, 0% used [0x00000000e0000000,0x00000000e0000000,0x00000000f7800000)
  from space 40960K, 35% used [0x00000000f7800000,0x00000000f8621600,0x00000000fa000000)
  to   space 39936K, 0% used [0x00000000fd080000,0x00000000fd080000,0x00000000ff780000)
 ParOldGen       total 174080K, used 58834K [0x00000000a0000000, 0x00000000aaa00000, 0x00000000e0000000)
  object space 174080K, 33% used [0x00000000a0000000,0x00000000a3974b30,0x00000000aaa00000)
 Metaspace       used 104014K, capacity 110002K, committed 110168K, reserved 1144832K
  class space    used 13051K, capacity 14148K, committed 14208K, reserved 1048576K
}
Event: 8767.677 GC heap before
{Heap before GC invocations=44 (full 4):
 PSYoungGen      total 425984K, used 399493K [0x00000000e0000000, 0x00000000ff780000, 0x0000000100000000)
  eden space 385024K, 100% used [0x00000000e0000000,0x00000000f7800000,0x00000000f7800000)
  from space 40960K, 35% used [0x00000000f7800000,0x00000000f8621600,0x00000000fa000000)
  to   space 39936K, 0% used [0x00000000fd080000,0x00000000fd080000,0x00000000ff780000)
 ParOldGen       total 174080K, used 58834K [0x00000000a0000000, 0x00000000aaa00000, 0x00000000e0000000)
  object space 174080K, 33% used [0x00000000a0000000,0x00000000a3974b30,0x00000000aaa00000)
 Metaspace       used 104405K, capacity 110552K, committed 110680K, reserved 1146880K
  class space    used 13088K, capacity 14187K, committed 14208K, reserved 1048576K
Event: 8767.725 GC heap after
Heap after GC invocations=44 (full 4):
 PSYoungGen      total 463360K, used 26344K [0x00000000e0000000, 0x00000000ff200000, 0x0000000100000000)
  eden space 429056K, 0% used [0x00000000e0000000,0x00000000e0000000,0x00000000fa300000)
  from space 34304K, 76% used [0x00000000fd080000,0x00000000fea3a0f0,0x00000000ff200000)
  to   space 40448K, 0% used [0x00000000fa300000,0x00000000fa300000,0x00000000fca80000)
 ParOldGen       total 174080K, used 58850K [0x00000000a0000000, 0x00000000aaa00000, 0x00000000e0000000)
  object space 174080K, 33% used [0x00000000a0000000,0x00000000a3978b30,0x00000000aaa00000)
 Metaspace       used 104405K, capacity 110552K, committed 110680K, reserved 1146880K
  class space    used 13088K, capacity 14187K, committed 14208K, reserved 1048576K
}

